{
  "uid" : "21d032b6fc4e332",
  "name" : "test_message_disappeared_after_adding_product_to_basket",
  "fullName" : "module_5.test_product_page.TestProductPage#test_message_disappeared_after_adding_product_to_basket",
  "historyId" : "b1c3189d6400963e937a7a94e38cea78",
  "time" : {
    "start" : 1624564437764,
    "stop" : 1624564446094,
    "duration" : 8330
  },
  "status" : "skipped",
  "statusMessage" : "XFAIL\n\nAssertionError",
  "statusTrace" : "self = <module_5.test_product_page.TestProductPage object at 0x0000024A9BBE2160>, browser = <selenium.webdriver.chrome.webdriver.WebDriver (session=\"7e7a56ab98da247610d2e46c5124518b\")>\n\n    @pytest.mark.xfail\n    def test_message_disappeared_after_adding_product_to_basket(self, browser):\n        page = ProductPage(browser, ProductPage.LINK)\n        page.open()\n        page.add_to_basket()\n>       page.check_success_message_disappeared()\n\nmodule_5\\test_product_page.py:41: \n_ _ _ _ _ _ _ _ _ _ _ _ _ _ _ _ _ _ _ _ _ _ _ _ _ _ _ _ _ _ _ _ _ _ _ _ _ _ _ _ _ _ _ _ _ _ _ _ _ _ _ _ _ _ _ _ _ _ _ _ _ _ _ _ _ _ _ _ _ _ _ _ _ _ _ _ _ _ _ _ _ _ _ _ _ _ _ _ _ _ _ _ _ \n\nself = <module_5.pages.product_page.ProductPage object at 0x0000024A9BBF00A0>\n\n    def check_success_message_disappeared(self):\n>       assert self.is_disappeared(*ProductPageLocators.SUCCESS_MESSAGE)\nE       AssertionError\n\nmodule_5\\pages\\product_page.py:32: AssertionError",
  "flaky" : false,
  "newFailed" : false,
  "beforeStages" : [ {
    "name" : "language",
    "time" : {
      "start" : 1624564435340,
      "stop" : 1624564435340,
      "duration" : 0
    },
    "status" : "passed",
    "steps" : [ ],
    "attachments" : [ ],
    "parameters" : [ ],
    "stepsCount" : 0,
    "hasContent" : false,
    "shouldDisplayMessage" : false,
    "attachmentsCount" : 0
  }, {
    "name" : "browser",
    "time" : {
      "start" : 1624564435340,
      "stop" : 1624564437763,
      "duration" : 2423
    },
    "status" : "passed",
    "steps" : [ ],
    "attachments" : [ ],
    "parameters" : [ ],
    "stepsCount" : 0,
    "hasContent" : false,
    "shouldDisplayMessage" : false,
    "attachmentsCount" : 0
  } ],
  "testStage" : {
    "status" : "skipped",
    "statusMessage" : "XFAIL\n\nAssertionError",
    "statusTrace" : "self = <module_5.test_product_page.TestProductPage object at 0x0000024A9BBE2160>, browser = <selenium.webdriver.chrome.webdriver.WebDriver (session=\"7e7a56ab98da247610d2e46c5124518b\")>\n\n    @pytest.mark.xfail\n    def test_message_disappeared_after_adding_product_to_basket(self, browser):\n        page = ProductPage(browser, ProductPage.LINK)\n        page.open()\n        page.add_to_basket()\n>       page.check_success_message_disappeared()\n\nmodule_5\\test_product_page.py:41: \n_ _ _ _ _ _ _ _ _ _ _ _ _ _ _ _ _ _ _ _ _ _ _ _ _ _ _ _ _ _ _ _ _ _ _ _ _ _ _ _ _ _ _ _ _ _ _ _ _ _ _ _ _ _ _ _ _ _ _ _ _ _ _ _ _ _ _ _ _ _ _ _ _ _ _ _ _ _ _ _ _ _ _ _ _ _ _ _ _ _ _ _ _ \n\nself = <module_5.pages.product_page.ProductPage object at 0x0000024A9BBF00A0>\n\n    def check_success_message_disappeared(self):\n>       assert self.is_disappeared(*ProductPageLocators.SUCCESS_MESSAGE)\nE       AssertionError\n\nmodule_5\\pages\\product_page.py:32: AssertionError",
    "steps" : [ ],
    "attachments" : [ {
      "uid" : "599c8f03004245b",
      "name" : "stdout",
      "source" : "599c8f03004245b.txt",
      "type" : "text/plain",
      "size" : 33
    } ],
    "parameters" : [ ],
    "stepsCount" : 0,
    "hasContent" : true,
    "shouldDisplayMessage" : true,
    "attachmentsCount" : 1
  },
  "afterStages" : [ {
    "name" : "browser::0",
    "time" : {
      "start" : 1624564450202,
      "stop" : 1624564452348,
      "duration" : 2146
    },
    "status" : "passed",
    "steps" : [ ],
    "attachments" : [ ],
    "parameters" : [ ],
    "stepsCount" : 0,
    "hasContent" : false,
    "shouldDisplayMessage" : false,
    "attachmentsCount" : 0
  } ],
  "labels" : [ {
    "name" : "tag",
    "value" : "@pytest.mark.xfail"
  }, {
    "name" : "parentSuite",
    "value" : "module_5"
  }, {
    "name" : "suite",
    "value" : "test_product_page"
  }, {
    "name" : "subSuite",
    "value" : "TestProductPage"
  }, {
    "name" : "host",
    "value" : "ANStepan-L-SPB"
  }, {
    "name" : "thread",
    "value" : "11560-MainThread"
  }, {
    "name" : "framework",
    "value" : "pytest"
  }, {
    "name" : "language",
    "value" : "cpython3"
  }, {
    "name" : "package",
    "value" : "module_5.test_product_page"
  }, {
    "name" : "resultFormat",
    "value" : "allure2"
  } ],
  "parameters" : [ ],
  "links" : [ ],
  "hidden" : false,
  "retry" : false,
  "extra" : {
    "severity" : "normal",
    "retries" : [ ],
    "categories" : [ ],
    "tags" : [ "@pytest.mark.xfail" ]
  },
  "source" : "21d032b6fc4e332.json",
  "parameterValues" : [ ]
}